<?xml version="1.0" encoding="UTF-8"?>
<!-- Generated by org.testng.reporters.JUnitReportReporter -->
<testsuite hostname="Legion" failures="0" tests="2" name="com.demo.tests.apis.bookingId" time="4.976" errors="0" timestamp="2025-07-06T16:31:06 IST" skipped="0">
  <testcase classname="com.demo.tests.apis.bookingId" name="GETApiTest" time="3.895"/>
  <system-out/>
  <testcase classname="com.demo.tests.apis.bookingId" name="POSTApiTest" time="1.081"/>
  <system-out/>
</testsuite> <!-- com.demo.tests.apis.bookingId -->
